Base path: C:/Program Files/Unity/Editor/Data
Pipe name: \\.\pipe\UnityShaderCompiler-64bit-1-4332
Cmd: getPlatforms
Cmd: compileSnippet
  api=0 type=0 insize=10823 outsize=879 kw= ok=1
Cmd: compileSnippet
  api=0 type=1 insize=10823 outsize=6 kw= ok=1
Cmd: compileSnippet
  api=0 type=0 insize=10846 outsize=6122 kw= ok=1
Cmd: compileSnippet
  api=0 type=1 insize=10846 outsize=6 kw= ok=1
Cmd: compileSnippet
  api=0 type=0 insize=10801 outsize=6116 kw= ok=1
Cmd: compileSnippet
  api=0 type=1 insize=10801 outsize=6 kw= ok=1
Cmd: compileSnippet
  api=0 type=0 insize=33432 outsize=8971 kw= ok=1
Cmd: compileSnippet
  api=0 type=1 insize=33432 outsize=6 kw= ok=1
Cmd: compileSnippet
  api=0 type=0 insize=1762 outsize=2844 kw= ok=1
Cmd: compileSnippet
  api=0 type=1 insize=1762 outsize=6 kw= ok=1
Cmd: compileSnippet
  api=0 type=0 insize=33441 outsize=8879 kw= ok=1
Cmd: compileSnippet
  api=0 type=1 insize=33441 outsize=6 kw= ok=1
Cmd: compileSnippet
  api=0 type=1 insize=3883 outsize=6 kw= ok=1
Cmd: compileSnippet
  api=0 type=0 insize=6975 outsize=3187 kw= ok=1
Cmd: compileSnippet
  api=0 type=1 insize=6975 outsize=6 kw= ok=1
Cmd: compileSnippet
  api=0 type=0 insize=4244 outsize=4420 kw= ok=1
Cmd: compileSnippet
  api=0 type=1 insize=4244 outsize=6 kw= ok=1
